<?xml version="1.0" encoding="UTF-8"?>
<!-- Generated by org.testng.reporters.JUnitReportReporter -->
<testsuite hostname="Seans-MacBook-Pro.local" name="PersistenceLayerTest" tests="4" failures="0" timestamp="20 Dec 2017 21:28:29 GMT" time="9.090" errors="0">
  <testcase name="certificationUploadTest" time="6.985" classname="PersistenceLayerTest"/>
  <testcase name="certificationViewTest" time="0.873" classname="PersistenceLayerTest"/>
  <testcase name="questionInsertTest" time="0.853" classname="PersistenceLayerTest"/>
  <testcase name="userInsertTest" time="0.379" classname="PersistenceLayerTest"/>
</testsuite> <!-- PersistenceLayerTest -->
