<?xml version="1.0" encoding="UTF-8"?>
<!-- Generated by org.testng.reporters.JUnitReportReporter -->
<testsuite hostname="Seans-MacBook-Pro.local" name="PersistenceLayerTest" tests="1" failures="0" timestamp="21 Dec 2017 08:45:59 GMT" time="10.854" errors="0">
  <testcase name="userInsertTest" time="10.854" classname="PersistenceLayerTest"/>
</testsuite> <!-- PersistenceLayerTest -->
