<?xml version="1.0" encoding="UTF-8"?>
<!-- Generated by org.testng.reporters.JUnitReportReporter -->
<testsuite hostname="Seans-MacBook-Pro.local" name="testNGUnitTests.GenericPersistenceLayerTest" tests="9" failures="0" timestamp="22 Dec 2017 13:01:02 GMT" time="175.311" errors="0">
  <testcase name="insertReceiverTest" time="21.597" classname="testNGUnitTests.GenericPersistenceLayerTest"/>
  <testcase name="certificationUploadTest" time="15.478" classname="testNGUnitTests.GenericPersistenceLayerTest"/>
  <testcase name="quizInsertTest" time="41.102" classname="testNGUnitTests.GenericPersistenceLayerTest"/>
  <testcase name="readTopicTest" time="5.127" classname="testNGUnitTests.GenericPersistenceLayerTest"/>
  <testcase name="certificationViewTest" time="6.522" classname="testNGUnitTests.GenericPersistenceLayerTest"/>
  <testcase name="userInsertTest" time="20.666" classname="testNGUnitTests.GenericPersistenceLayerTest"/>
  <testcase name="insertMessageWithAttachmentsTest" time="17.354" classname="testNGUnitTests.GenericPersistenceLayerTest"/>
  <testcase name="questionInsertTest" time="25.772" classname="testNGUnitTests.GenericPersistenceLayerTest"/>
  <testcase name="insertNotificationTest" time="21.693" classname="testNGUnitTests.GenericPersistenceLayerTest"/>
</testsuite> <!-- testNGUnitTests.GenericPersistenceLayerTest -->
