<?xml version="1.0" encoding="UTF-8"?>
<!-- Generated by org.testng.reporters.JUnitReportReporter -->
<testsuite hostname="matt-laptop" name="testNGUnitTests.GenericPersistenceLayerTest" tests="9" failures="0" timestamp="22 Dec 2017 18:21:17 GMT" time="21.653" errors="0">
  <testcase name="readTopicTest" time="0.126" classname="testNGUnitTests.GenericPersistenceLayerTest"/>
  <testcase name="certificationUploadTest" time="0.916" classname="testNGUnitTests.GenericPersistenceLayerTest"/>
  <testcase name="certificationViewTest" time="1.398" classname="testNGUnitTests.GenericPersistenceLayerTest"/>
  <testcase name="quizInsertTest" time="2.373" classname="testNGUnitTests.GenericPersistenceLayerTest"/>
  <testcase name="insertReceiverTest" time="2.902" classname="testNGUnitTests.GenericPersistenceLayerTest"/>
  <testcase name="userInsertTest" time="1.344" classname="testNGUnitTests.GenericPersistenceLayerTest"/>
  <testcase name="insertNotificationTest" time="3.744" classname="testNGUnitTests.GenericPersistenceLayerTest"/>
  <testcase name="insertMessageWithAttachmentsTest" time="7.736" classname="testNGUnitTests.GenericPersistenceLayerTest"/>
  <testcase name="questionInsertTest" time="1.114" classname="testNGUnitTests.GenericPersistenceLayerTest"/>
</testsuite> <!-- testNGUnitTests.GenericPersistenceLayerTest -->
