<?xml version="1.0" encoding="UTF-8"?>
<!-- Generated by org.testng.reporters.JUnitReportReporter -->
<testsuite hostname="Seans-MacBook-Pro.local" name="testNGUnitTests.GenericPersistenceLayerTest" tests="3" failures="0" timestamp="21 Dec 2017 11:29:54 GMT" time="64.435" errors="0">
  <testcase name="questionInsertTest" time="13.180" classname="testNGUnitTests.GenericPersistenceLayerTest"/>
  <testcase name="certificationUploadTest" time="33.303" classname="testNGUnitTests.GenericPersistenceLayerTest"/>
  <testcase name="userInsertTest" time="17.952" classname="testNGUnitTests.GenericPersistenceLayerTest"/>
</testsuite> <!-- testNGUnitTests.GenericPersistenceLayerTest -->
