<?xml version="1.0" encoding="UTF-8"?>
<!-- Generated by org.testng.reporters.JUnitReportReporter -->
<testsuite hostname="matt-laptop" name="PersistenceLayerTest" tests="4" failures="0" timestamp="21 Dec 2017 17:01:10 GMT" time="15.873" errors="0">
  <testcase name="userInsertTest" time="0.328" classname="PersistenceLayerTest"/>
  <testcase name="questionInsertTest" time="0.482" classname="PersistenceLayerTest"/>
  <testcase name="certificationViewTest" time="1.299" classname="PersistenceLayerTest"/>
  <testcase name="certificationUploadTest" time="13.764" classname="PersistenceLayerTest"/>
</testsuite> <!-- PersistenceLayerTest -->
