<?xml version="1.0" encoding="UTF-8"?>
<!-- Generated by org.testng.reporters.JUnitReportReporter -->
<testsuite hostname="Seans-MacBook-Pro.local" name="testNGUnitTests.GenericPersistenceLayerTest" tests="6" failures="0" timestamp="21 Dec 2017 15:31:28 GMT" time="25.021" errors="0">
  <testcase name="insertReceiverTest" time="10.332" classname="testNGUnitTests.GenericPersistenceLayerTest"/>
  <testcase name="questionInsertTest" time="5.200" classname="testNGUnitTests.GenericPersistenceLayerTest"/>
  <testcase name="insertMessageWithAttachmentsTest" time="1.958" classname="testNGUnitTests.GenericPersistenceLayerTest"/>
  <testcase name="certificationUploadTest" time="0.029" classname="testNGUnitTests.GenericPersistenceLayerTest"/>
  <testcase name="userInsertTest" time="5.148" classname="testNGUnitTests.GenericPersistenceLayerTest"/>
  <testcase name="certificationViewTest" time="2.354" classname="testNGUnitTests.GenericPersistenceLayerTest"/>
</testsuite> <!-- testNGUnitTests.GenericPersistenceLayerTest -->
